c:\users\leon\source\repos\fraction_14lz21\fraction_14lz21\debug\fraction_14awes.pch
c:\users\leon\source\repos\fraction_14lz21\fraction_14lz21\debug\vc141.pdb
c:\users\leon\source\repos\fraction_14lz21\fraction_14lz21\debug\vc141.idb
c:\users\leon\source\repos\fraction_14lz21\fraction_14lz21\debug\stdafx.obj
c:\users\leon\source\repos\fraction_14lz21\fraction_14lz21\debug\dllmain.obj
c:\users\leon\source\repos\fraction_14lz21\fraction_14lz21\debug\fraction_14awes.obj
c:\users\leon\source\repos\fraction_14lz21\debug\fraction_14awes.lib
c:\users\leon\source\repos\fraction_14lz21\debug\fraction_14awes.exp
c:\users\leon\source\repos\fraction_14lz21\debug\fraction_14awes.ilk
c:\users\leon\source\repos\fraction_14lz21\debug\fraction_14awes.dll
c:\users\leon\source\repos\fraction_14lz21\debug\fraction_14awes.pdb
c:\users\leon\source\repos\fraction_14lz21\fraction_14lz21\debug\fraction_14lz21.obj
c:\users\leon\source\repos\fraction_14lz21\fraction_14lz21\debug\fraction_14lz21.pch
c:\users\leon\source\repos\fraction_14lz21\fraction_14lz21\debug\fraction_14awes.tlog\cl.command.1.tlog
c:\users\leon\source\repos\fraction_14lz21\fraction_14lz21\debug\fraction_14awes.tlog\cl.read.1.tlog
c:\users\leon\source\repos\fraction_14lz21\fraction_14lz21\debug\fraction_14awes.tlog\cl.write.1.tlog
c:\users\leon\source\repos\fraction_14lz21\fraction_14lz21\debug\fraction_14awes.tlog\fraction_14awes.write.1u.tlog
c:\users\leon\source\repos\fraction_14lz21\fraction_14lz21\debug\fraction_14awes.tlog\link.command.1.tlog
c:\users\leon\source\repos\fraction_14lz21\fraction_14lz21\debug\fraction_14awes.tlog\link.read.1.tlog
c:\users\leon\source\repos\fraction_14lz21\fraction_14lz21\debug\fraction_14awes.tlog\link.write.1.tlog
