c:\users\leon\source\repos\fraction_14lz21\fraction_14lz21\debug\fraction_14lz21.pch
c:\users\leon\source\repos\fraction_14lz21\fraction_14lz21\debug\vc141.pdb
c:\users\leon\source\repos\fraction_14lz21\fraction_14lz21\debug\vc141.idb
c:\users\leon\source\repos\fraction_14lz21\fraction_14lz21\debug\stdafx.obj
c:\users\leon\source\repos\fraction_14lz21\fraction_14lz21\debug\fraction_14lz21.obj
c:\users\leon\source\repos\fraction_14lz21\fraction_14lz21\debug\dllmain.obj
c:\users\leon\source\repos\fraction_14lz21\debug\fraction_14lz21.ilk
c:\users\leon\source\repos\fraction_14lz21\debug\fraction_14lz21.dll
c:\users\leon\source\repos\fraction_14lz21\debug\fraction_14lz21.pdb
c:\users\leon\source\repos\fraction_14lz21\fraction_14lz21\debug\nativecodeanalysis.read.1.tlog
c:\users\leon\source\repos\fraction_14lz21\fraction_14lz21\debug\dllmain.nativecodeanalysis.xml
c:\users\leon\source\repos\fraction_14lz21\fraction_14lz21\debug\fraction_14lz21.nativecodeanalysis.xml
c:\users\leon\source\repos\fraction_14lz21\fraction_14lz21\debug\stdafx.nativecodeanalysis.xml
c:\users\leon\source\repos\fraction_14lz21\fraction_14lz21\debug\vc.nativecodeanalysis.all.xml
c:\users\leon\source\repos\fraction_14lz21\fraction_14lz21\debug\fraction_14lz21.tlog\cl.command.1.tlog
c:\users\leon\source\repos\fraction_14lz21\fraction_14lz21\debug\fraction_14lz21.tlog\cl.read.1.tlog
c:\users\leon\source\repos\fraction_14lz21\fraction_14lz21\debug\fraction_14lz21.tlog\cl.write.1.tlog
c:\users\leon\source\repos\fraction_14lz21\fraction_14lz21\debug\fraction_14lz21.tlog\link.command.1.tlog
c:\users\leon\source\repos\fraction_14lz21\fraction_14lz21\debug\fraction_14lz21.tlog\link.read.1.tlog
c:\users\leon\source\repos\fraction_14lz21\fraction_14lz21\debug\fraction_14lz21.tlog\link.write.1.tlog
